<?xml version="1.0" encoding="UTF-8"?>
<testng-results ignored="0" total="3" passed="2" failed="1" skipped="0">
  <reporter-output>
  </reporter-output>
  <suite started-at="2021-07-30T18:32:12 IST" name="Suite" finished-at="2021-07-30T18:33:13 IST" duration-ms="61255">
    <groups>
    </groups>
    <test started-at="2021-07-30T18:32:12 IST" name="Test" finished-at="2021-07-30T18:33:13 IST" duration-ms="61255">
      <class name="scripts.TakeCourse">
        <test-method is-config="true" signature="openAPP()[pri:0, instance:scripts.TakeCourse@2525ff7e]" started-at="2021-07-30T18:32:12 IST" name="openAPP" finished-at="2021-07-30T18:32:19 IST" duration-ms="7306" status="PASS">
          <reporter-output>
          </reporter-output>
        </test-method> <!-- openAPP -->
        <test-method signature="tc3()[pri:0, instance:scripts.TakeCourse@2525ff7e]" started-at="2021-07-30T18:32:19 IST" name="tc3" finished-at="2021-07-30T18:32:41 IST" duration-ms="21418" status="FAIL">
          <exception class="java.lang.AssertionError">
            <message>
              <![CDATA[expected [Learn Core Java for Selenium|Core Java Certification|SkillRary                                   ] but found [Learn Core Java for Selenium|Core Java Certification|SkillRary]]]>
            </message>
            <full-stacktrace>
              <![CDATA[java.lang.AssertionError: expected [Learn Core Java for Selenium|Core Java Certification|SkillRary                                   ] but found [Learn Core Java for Selenium|Core Java Certification|SkillRary]
at org.testng.Assert.fail(Assert.java:97)
at org.testng.Assert.assertEqualsImpl(Assert.java:136)
at org.testng.Assert.assertEquals(Assert.java:118)
at org.testng.Assert.assertEquals(Assert.java:575)
at org.testng.Assert.assertEquals(Assert.java:585)
at scripts.TakeCourse.tc3(TakeCourse.java:31)
at java.base/jdk.internal.reflect.NativeMethodAccessorImpl.invoke0(Native Method)
at java.base/jdk.internal.reflect.NativeMethodAccessorImpl.invoke(NativeMethodAccessorImpl.java:62)
at java.base/jdk.internal.reflect.DelegatingMethodAccessorImpl.invoke(DelegatingMethodAccessorImpl.java:43)
at java.base/java.lang.reflect.Method.invoke(Method.java:564)
at org.testng.internal.MethodInvocationHelper.invokeMethod(MethodInvocationHelper.java:133)
at org.testng.internal.TestInvoker.invokeMethod(TestInvoker.java:584)
at org.testng.internal.TestInvoker.invokeTestMethod(TestInvoker.java:172)
at org.testng.internal.MethodRunner.runInSequence(MethodRunner.java:46)
at org.testng.internal.TestInvoker$MethodInvocationAgent.invoke(TestInvoker.java:804)
at org.testng.internal.TestInvoker.invokeTestMethods(TestInvoker.java:145)
at org.testng.internal.TestMethodWorker.invokeTestMethods(TestMethodWorker.java:146)
at org.testng.internal.TestMethodWorker.run(TestMethodWorker.java:128)
at java.base/java.util.ArrayList.forEach(ArrayList.java:1511)
at org.testng.TestRunner.privateRun(TestRunner.java:770)
at org.testng.TestRunner.run(TestRunner.java:591)
at org.testng.SuiteRunner.runTest(SuiteRunner.java:402)
at org.testng.SuiteRunner.runSequentially(SuiteRunner.java:396)
at org.testng.SuiteRunner.privateRun(SuiteRunner.java:355)
at org.testng.SuiteRunner.run(SuiteRunner.java:304)
at org.testng.SuiteRunnerWorker.runSuite(SuiteRunnerWorker.java:53)
at org.testng.SuiteRunnerWorker.run(SuiteRunnerWorker.java:96)
at org.testng.TestNG.runSuitesSequentially(TestNG.java:1180)
at org.testng.TestNG.runSuitesLocally(TestNG.java:1102)
at org.testng.TestNG.runSuites(TestNG.java:1032)
at org.testng.TestNG.run(TestNG.java:1000)
at org.testng.remote.AbstractRemoteTestNG.run(AbstractRemoteTestNG.java:115)
at org.testng.remote.RemoteTestNG.initAndRun(RemoteTestNG.java:251)
at org.testng.remote.RemoteTestNG.main(RemoteTestNG.java:77)
]]>
            </full-stacktrace>
          </exception> <!-- java.lang.AssertionError -->
          <reporter-output>
          </reporter-output>
        </test-method> <!-- tc3 -->
        <test-method is-config="true" signature="closeAPP(org.testng.ITestResult)[pri:0, instance:scripts.TakeCourse@2525ff7e]" started-at="2021-07-30T18:32:41 IST" name="closeAPP" finished-at="2021-07-30T18:32:41 IST" duration-ms="360" status="PASS">
          <params>
            <param index="0">
              <value>
                <![CDATA[[TestResult name=tc3 status=FAILURE method=TakeCourse.tc3()[pri:0, instance:scripts.TakeCourse@2525ff7e] output={null}]]]>
              </value>
            </param>
          </params>
          <reporter-output>
          </reporter-output>
        </test-method> <!-- closeAPP -->
      </class> <!-- scripts.TakeCourse -->
      <class name="scripts.FacebookLike">
        <test-method is-config="true" signature="openAPP()[pri:0, instance:scripts.FacebookLike@524d6d96]" started-at="2021-07-30T18:32:41 IST" name="openAPP" finished-at="2021-07-30T18:32:46 IST" duration-ms="4678" status="PASS">
          <reporter-output>
          </reporter-output>
        </test-method> <!-- openAPP -->
        <test-method signature="tc2()[pri:0, instance:scripts.FacebookLike@524d6d96]" started-at="2021-07-30T18:32:46 IST" name="tc2" finished-at="2021-07-30T18:33:01 IST" duration-ms="14861" status="PASS">
          <reporter-output>
          </reporter-output>
        </test-method> <!-- tc2 -->
        <test-method is-config="true" signature="closeAPP(org.testng.ITestResult)[pri:0, instance:scripts.FacebookLike@524d6d96]" started-at="2021-07-30T18:33:01 IST" name="closeAPP" finished-at="2021-07-30T18:33:01 IST" duration-ms="0" status="PASS">
          <params>
            <param index="0">
              <value>
                <![CDATA[[TestResult name=tc2 status=SUCCESS method=FacebookLike.tc2()[pri:0, instance:scripts.FacebookLike@524d6d96] output={null}]]]>
              </value>
            </param>
          </params>
          <reporter-output>
          </reporter-output>
        </test-method> <!-- closeAPP -->
      </class> <!-- scripts.FacebookLike -->
      <class name="scripts.AddingProductCart">
        <test-method is-config="true" signature="openAPP()[pri:0, instance:scripts.AddingProductCart@152aa092]" started-at="2021-07-30T18:33:01 IST" name="openAPP" finished-at="2021-07-30T18:33:07 IST" duration-ms="5844" status="PASS">
          <reporter-output>
          </reporter-output>
        </test-method> <!-- openAPP -->
        <test-method signature="tc1()[pri:0, instance:scripts.AddingProductCart@152aa092]" started-at="2021-07-30T18:33:07 IST" name="tc1" finished-at="2021-07-30T18:33:13 IST" duration-ms="6690" status="PASS">
          <reporter-output>
          </reporter-output>
        </test-method> <!-- tc1 -->
        <test-method is-config="true" signature="closeAPP(org.testng.ITestResult)[pri:0, instance:scripts.AddingProductCart@152aa092]" started-at="2021-07-30T18:33:13 IST" name="closeAPP" finished-at="2021-07-30T18:33:13 IST" duration-ms="2" status="PASS">
          <params>
            <param index="0">
              <value>
                <![CDATA[[TestResult name=tc1 status=SUCCESS method=AddingProductCart.tc1()[pri:0, instance:scripts.AddingProductCart@152aa092] output={null}]]]>
              </value>
            </param>
          </params>
          <reporter-output>
          </reporter-output>
        </test-method> <!-- closeAPP -->
      </class> <!-- scripts.AddingProductCart -->
    </test> <!-- Test -->
  </suite> <!-- Suite -->
</testng-results>
